<?xml version="1.0" encoding="UTF-8"?>
<!-- Generated by org.testng.reporters.JUnitReportReporter -->
<testsuite skipped="0" hostname="LAPTOP-4QEVCKI3" name="test.day3" tests="3" failures="0" timestamp="2020-05-09T17:31:14 IST" time="0.000" errors="0">
  <testcase name="Demo3" time="0.000" classname="test.day3"/>
  <system-out/>
  <testcase name="Demo3" time="0.000" classname="test.day3"/>
  <system-out/>
  <testcase name="Demo3" time="0.000" classname="test.day3"/>
  <system-out/>
</testsuite> <!-- test.day3 -->
