<?xml version="1.0" encoding="UTF-8"?>
<!-- Generated by org.testng.reporters.JUnitReportReporter -->
<testsuite skipped="0" hostname="LAPTOP-4QEVCKI3" name="test.day1" tests="3" failures="0" timestamp="2020-05-09T17:31:14 IST" time="0.016" errors="0">
  <testcase name="Mobilenew" time="0.000" classname="test.day1"/>
  <system-out/>
  <testcase name="mobileold" time="0.000" classname="test.day1"/>
  <system-out/>
  <testcase name="Demo1" time="0.016" classname="test.day1"/>
  <system-out/>
</testsuite> <!-- test.day1 -->
